<?xml version="1.0" encoding="UTF-8"?>
<!-- Generated by org.testng.reporters.JUnitXMLReporter -->
<testsuite hostname="EDZ-20170729POB" name="Test" tests="1" failures="1" timestamp="8 Jul 2019 06:02:39 GMT" time="21.627" errors="0">
  <testcase name="openBaiDu" time="2.045" classname="com.jenkins.testforjenkins.Test01Test">
    <failure type="java.lang.AssertionError" message="expected [融贝网官网_值得信赖的网络借贷信息中介平台] but found [百度新闻——海量中文资讯平台]">
      <![CDATA[java.lang.AssertionError: expected [融贝网官网_值得信赖的网络借贷信息中介平台] but found [百度新闻——海量中文资讯平台]
	at com.jenkins.testforjenkins.Test01Test.openBaiDu(Test01Test.java:32)
	at java.util.concurrent.Executors$RunnableAdapter.call(Executors.java:511)
	at java.util.concurrent.FutureTask.run(FutureTask.java:266)
	at java.util.concurrent.ThreadPoolExecutor.runWorker(ThreadPoolExecutor.java:1149)
	at java.util.concurrent.ThreadPoolExecutor$Worker.run(ThreadPoolExecutor.java:624)
	at java.lang.Thread.run(Thread.java:748)
... Removed 13 stack frames]]>
    </failure>
  </testcase> <!-- openBaiDu -->
</testsuite> <!-- Test -->
