<?xml version="1.0" encoding="UTF-8"?>
<testng-results skipped="0" failed="0" total="1" passed="1">
  <reporter-output>
    <line>
      <![CDATA[Test01：完美运行成功]]>
    </line>
  </reporter-output>
  <suite name="Suite" duration-ms="19136" started-at="2019-07-10T11:07:42Z" finished-at="2019-07-10T11:08:01Z">
    <groups>
    </groups>
    <test name="Test" duration-ms="19136" started-at="2019-07-10T11:07:42Z" finished-at="2019-07-10T11:08:01Z">
      <class name="com.jenkins.testforjenkins.Test01">
        <test-method status="PASS" signature="beforeSuite()[pri:0, instance:com.jenkins.testforjenkins.Test01@65e2dbf3]" name="beforeSuite" is-config="true" duration-ms="422" started-at="2019-07-10T19:07:41Z" finished-at="2019-07-10T19:07:42Z">
          <reporter-output>
          </reporter-output>
        </test-method> <!-- beforeSuite -->
        <test-method status="PASS" signature="startChrome()[pri:0, instance:com.jenkins.testforjenkins.Test01@65e2dbf3]" name="startChrome" is-config="true" duration-ms="13700" started-at="2019-07-10T19:07:42Z" finished-at="2019-07-10T19:07:55Z">
          <reporter-output>
          </reporter-output>
        </test-method> <!-- startChrome -->
        <test-method status="PASS" signature="openBaiDu(java.lang.String)[pri:0, instance:com.jenkins.testforjenkins.Test01@65e2dbf3]" name="openBaiDu" duration-ms="2079" started-at="2019-07-10T19:07:55Z" finished-at="2019-07-10T19:07:57Z">
          <params>
            <param index="0">
              <value>
                <![CDATA[Administrator]]>
              </value>
            </param>
          </params>
          <reporter-output>
            <line>
              <![CDATA[Test01：完美运行成功]]>
            </line>
          </reporter-output>
        </test-method> <!-- openBaiDu -->
        <test-method status="PASS" signature="closeDriver()[pri:0, instance:com.jenkins.testforjenkins.Test01@65e2dbf3]" name="closeDriver" is-config="true" duration-ms="2731" started-at="2019-07-10T19:07:58Z" finished-at="2019-07-10T19:08:01Z">
          <reporter-output>
          </reporter-output>
        </test-method> <!-- closeDriver -->
        <test-method status="PASS" signature="afterSuite()[pri:0, instance:com.jenkins.testforjenkins.Test01@65e2dbf3]" name="afterSuite" is-config="true" duration-ms="69" started-at="2019-07-10T19:08:01Z" finished-at="2019-07-10T19:08:01Z">
          <reporter-output>
          </reporter-output>
        </test-method> <!-- afterSuite -->
      </class> <!-- com.jenkins.testforjenkins.Test01 -->
    </test> <!-- Test -->
  </suite> <!-- Suite -->
</testng-results>
